<?xml version="1.0" encoding="utf-8" standalone="no"?>
<!--This file represents the results of running a test suite-->
<test-results name="D:\NI Projects\EXAM &amp; cPython\Python development\cPython-Interface-for-NI-VeriStand\Source\VeristandPythonInterop\Binaries\VeristandPythonInteropTest.dll" total="2" errors="0" failures="0" not-run="0" inconclusive="0" ignored="0" skipped="0" invalid="0" date="2015-08-07" time="09:44:46">
  <environment nunit-version="2.6.1.12217" clr-version="2.0.50727.5485" os-version="Microsoft Windows NT 6.1.7601 Service Pack 1" platform="Win32NT" cwd="C:\Program Files (x86)\NUnit 2.6.1\bin" machine-name="HU-BUD-NB061" user="czkeprtj" user-domain="EMEA" />
  <culture-info current-culture="en-US" current-uiculture="en-US" />
  <test-suite type="Assembly" name="D:\NI Projects\EXAM &amp; cPython\Python development\cPython-Interface-for-NI-VeriStand\Source\VeristandPythonInterop\Binaries\VeristandPythonInteropTest.dll" executed="True" result="Success" success="True" time="102.262" asserts="0">
    <results>
      <test-suite type="Namespace" name="VeristandPythonInteropTest" executed="True" result="Success" success="True" time="102.257" asserts="0">
        <results>
          <test-suite type="TestFixture" name="VeriStandInteropIntegrationTests" executed="True" result="Success" success="True" time="102.257" asserts="0">
            <results>
              <test-case name="VeristandPythonInteropTest.VeriStandInteropIntegrationTests.RTSequenceExecuteAsynchShouldStartRTSequence" executed="True" result="Success" success="True" time="48.373" asserts="2" />
              <test-case name="VeristandPythonInteropTest.VeriStandInteropIntegrationTests.StimulusExecuteAsynchShouldStartStimulus" executed="True" result="Success" success="True" time="42.142" asserts="1" />
            </results>
          </test-suite>
        </results>
      </test-suite>
    </results>
  </test-suite>
</test-results>